Arguments: 
  /usr/local/bin/node /opt/yarn-v1.22.19/bin/yarn.js start:api

PATH: 
  /usr/local/sbin:/usr/local/bin:/usr/sbin:/usr/bin:/sbin:/bin

Yarn version: 
  1.22.19

Node version: 
  19.0.0

Platform: 
  linux x64

Trace: 
  SyntaxError: /usr/app/package.json: Expected ',' or '}' after property value in JSON at position 219
      at JSON.parse (<anonymous>)
      at /opt/yarn-v1.22.19/lib/cli.js:1629:59
      at Generator.next (<anonymous>)
      at step (/opt/yarn-v1.22.19/lib/cli.js:310:30)
      at /opt/yarn-v1.22.19/lib/cli.js:321:13

npm manifest: 
  {
    "name": "begou",
    "version": "1.0.0",
    "license": "MIT",
    "private": true,
    "workspaces": {
      "nohoist": [
        "typeorm",
        "typeorm-extension"
      ],
      "packages": [
        "packages/*"
      ]
    }
    
    "scripts": {
      "start:api": "yarn workspace @begou/api dev"
    },
    "devDependencies": {
      "@commitlint/cli": "^17.1.2",
      "@commitlint/config-conventional": "^17.1.0",
      "@types/node": "^18.8.4",
      "husky": "^8.0.1",
      "jest": "^29.1.2",
      "prettier": "^2.7.1",
      "typescript": "^4.8.4"
    }
  }

yarn manifest: 
  No manifest

Lockfile: 
  No lockfile
